Build output check failed:
    Regex: 'argument .* is not valid'
    Output line: 'cc1: warning: ‘-Werror=’ argument ‘-Werror=non-virtual-dtor’ is not valid for C'
Compilation failed:
    source file: '/home/zcy/opencv-3.4.14/build/CMakeFiles/CMakeTmp/src.c'
    check option: ' -fsigned-char -W -Wall -Werror=return-type  -Werror=non-virtual-dtor'
===== BUILD LOG =====
Change Dir: /home/zcy/opencv-3.4.14/build/CMakeFiles/CMakeTmp

Run Build Command:"/usr/bin/make" "cmTC_31fa0/fast"
/usr/bin/make -f CMakeFiles/cmTC_31fa0.dir/build.make CMakeFiles/cmTC_31fa0.dir/build
make[1]: 进入目录“/home/zcy/opencv-3.4.14/build/CMakeFiles/CMakeTmp”
Building C object CMakeFiles/cmTC_31fa0.dir/src.c.o
/usr/bin/cc   -O3 -DNDEBUG -fPIE   -fsigned-char -W -Wall -Werror=return-type -Werror=non-virtual-dtor -o CMakeFiles/cmTC_31fa0.dir/src.c.o   -c /home/zcy/opencv-3.4.14/build/CMakeFiles/CMakeTmp/src.c
cc1: warning: ‘-Werror=’ argument ‘-Werror=non-virtual-dtor’ is not valid for C
/home/zcy/opencv-3.4.14/build/CMakeFiles/CMakeTmp/src.c:1:0: warning: ignoring #pragma   [-Wunknown-pragmas]
 #pragma
 
Linking C executable cmTC_31fa0
/usr/bin/cmake -E cmake_link_script CMakeFiles/cmTC_31fa0.dir/link.txt --verbose=1
/usr/bin/cc   -O3 -DNDEBUG    -rdynamic CMakeFiles/cmTC_31fa0.dir/src.c.o  -o cmTC_31fa0 
make[1]: 离开目录“/home/zcy/opencv-3.4.14/build/CMakeFiles/CMakeTmp”

===== END =====

Build output check failed:
    Regex: 'command[- ]line option .* is valid for .* but not for C\+\+'
    Output line: 'cc1plus: warning: command line option ‘-Wmissing-prototypes’ is valid for C/ObjC but not for C++'
Compilation failed:
    source file: '/home/zcy/opencv-3.4.14/build/CMakeFiles/CMakeTmp/src.cxx'
    check option: ' -fsigned-char -W -Wall -Werror=return-type -Werror=non-virtual-dtor -Werror=address -Werror=sequence-point -Wformat -Werror=format-security -Wmissing-declarations  -Wmissing-prototypes'
===== BUILD LOG =====
Change Dir: /home/zcy/opencv-3.4.14/build/CMakeFiles/CMakeTmp

Run Build Command:"/usr/bin/make" "cmTC_99a97/fast"
/usr/bin/make -f CMakeFiles/cmTC_99a97.dir/build.make CMakeFiles/cmTC_99a97.dir/build
make[1]: 进入目录“/home/zcy/opencv-3.4.14/build/CMakeFiles/CMakeTmp”
Building CXX object CMakeFiles/cmTC_99a97.dir/src.cxx.o
/usr/bin/c++    -O3 -DNDEBUG -fPIE   -fsigned-char -W -Wall -Werror=return-type -Werror=non-virtual-dtor -Werror=address -Werror=sequence-point -Wformat -Werror=format-security -Wmissing-declarations -Wmissing-prototypes -o CMakeFiles/cmTC_99a97.dir/src.cxx.o -c /home/zcy/opencv-3.4.14/build/CMakeFiles/CMakeTmp/src.cxx
cc1plus: warning: command line option ‘-Wmissing-prototypes’ is valid for C/ObjC but not for C++
/home/zcy/opencv-3.4.14/build/CMakeFiles/CMakeTmp/src.cxx:1:0: warning: ignoring #pragma   [-Wunknown-pragmas]
 #pragma
 
Linking CXX executable cmTC_99a97
/usr/bin/cmake -E cmake_link_script CMakeFiles/cmTC_99a97.dir/link.txt --verbose=1
/usr/bin/c++    -O3 -DNDEBUG    -rdynamic CMakeFiles/cmTC_99a97.dir/src.cxx.o  -o cmTC_99a97 
make[1]: 离开目录“/home/zcy/opencv-3.4.14/build/CMakeFiles/CMakeTmp”

===== END =====

Build output check failed:
    Regex: 'command[- ]line option .* is valid for .* but not for C\+\+'
    Output line: 'cc1plus: warning: command line option ‘-Wstrict-prototypes’ is valid for C/ObjC but not for C++'
Compilation failed:
    source file: '/home/zcy/opencv-3.4.14/build/CMakeFiles/CMakeTmp/src.cxx'
    check option: ' -fsigned-char -W -Wall -Werror=return-type -Werror=non-virtual-dtor -Werror=address -Werror=sequence-point -Wformat -Werror=format-security -Wmissing-declarations  -Wstrict-prototypes'
===== BUILD LOG =====
Change Dir: /home/zcy/opencv-3.4.14/build/CMakeFiles/CMakeTmp

Run Build Command:"/usr/bin/make" "cmTC_46851/fast"
/usr/bin/make -f CMakeFiles/cmTC_46851.dir/build.make CMakeFiles/cmTC_46851.dir/build
make[1]: 进入目录“/home/zcy/opencv-3.4.14/build/CMakeFiles/CMakeTmp”
Building CXX object CMakeFiles/cmTC_46851.dir/src.cxx.o
/usr/bin/c++    -O3 -DNDEBUG -fPIE   -fsigned-char -W -Wall -Werror=return-type -Werror=non-virtual-dtor -Werror=address -Werror=sequence-point -Wformat -Werror=format-security -Wmissing-declarations -Wstrict-prototypes -o CMakeFiles/cmTC_46851.dir/src.cxx.o -c /home/zcy/opencv-3.4.14/build/CMakeFiles/CMakeTmp/src.cxx
cc1plus: warning: command line option ‘-Wstrict-prototypes’ is valid for C/ObjC but not for C++
/home/zcy/opencv-3.4.14/build/CMakeFiles/CMakeTmp/src.cxx:1:0: warning: ignoring #pragma   [-Wunknown-pragmas]
 #pragma
 
Linking CXX executable cmTC_46851
/usr/bin/cmake -E cmake_link_script CMakeFiles/cmTC_46851.dir/link.txt --verbose=1
/usr/bin/c++    -O3 -DNDEBUG    -rdynamic CMakeFiles/cmTC_46851.dir/src.cxx.o  -o cmTC_46851 
make[1]: 离开目录“/home/zcy/opencv-3.4.14/build/CMakeFiles/CMakeTmp”

===== END =====

Build output check failed:
    Regex: 'command[- ]line option .* is valid for .* but not for C'
    Output line: 'cc1: warning: command line option ‘-Wsign-promo’ is valid for C++/ObjC++ but not for C'
Compilation failed:
    source file: '/home/zcy/opencv-3.4.14/build/CMakeFiles/CMakeTmp/src.c'
    check option: ' -fsigned-char -W -Wall -Werror=return-type -Werror=address -Werror=sequence-point -Wformat -Werror=format-security -Wmissing-declarations -Wmissing-prototypes -Wstrict-prototypes -Wundef -Winit-self -Wpointer-arith -Wshadow  -Wsign-promo'
===== BUILD LOG =====
Change Dir: /home/zcy/opencv-3.4.14/build/CMakeFiles/CMakeTmp

Run Build Command:"/usr/bin/make" "cmTC_e846e/fast"
/usr/bin/make -f CMakeFiles/cmTC_e846e.dir/build.make CMakeFiles/cmTC_e846e.dir/build
make[1]: 进入目录“/home/zcy/opencv-3.4.14/build/CMakeFiles/CMakeTmp”
Building C object CMakeFiles/cmTC_e846e.dir/src.c.o
/usr/bin/cc   -O3 -DNDEBUG -fPIE   -fsigned-char -W -Wall -Werror=return-type -Werror=address -Werror=sequence-point -Wformat -Werror=format-security -Wmissing-declarations -Wmissing-prototypes -Wstrict-prototypes -Wundef -Winit-self -Wpointer-arith -Wshadow -Wsign-promo -o CMakeFiles/cmTC_e846e.dir/src.c.o   -c /home/zcy/opencv-3.4.14/build/CMakeFiles/CMakeTmp/src.c
cc1: warning: command line option ‘-Wsign-promo’ is valid for C++/ObjC++ but not for C
/home/zcy/opencv-3.4.14/build/CMakeFiles/CMakeTmp/src.c:1:0: warning: ignoring #pragma   [-Wunknown-pragmas]
 #pragma
 
Linking C executable cmTC_e846e
/usr/bin/cmake -E cmake_link_script CMakeFiles/cmTC_e846e.dir/link.txt --verbose=1
/usr/bin/cc   -O3 -DNDEBUG    -rdynamic CMakeFiles/cmTC_e846e.dir/src.c.o  -o cmTC_e846e 
make[1]: 离开目录“/home/zcy/opencv-3.4.14/build/CMakeFiles/CMakeTmp”

===== END =====

Build output check failed:
    Regex: 'command[- ]line option .* is valid for .* but not for C'
    Output line: 'cc1: warning: command line option ‘-Wsuggest-override’ is valid for C++/ObjC++ but not for C'
Compilation failed:
    source file: '/home/zcy/opencv-3.4.14/build/CMakeFiles/CMakeTmp/src.c'
    check option: ' -fsigned-char -W -Wall -Werror=return-type -Werror=address -Werror=sequence-point -Wformat -Werror=format-security -Wmissing-declarations -Wmissing-prototypes -Wstrict-prototypes -Wundef -Winit-self -Wpointer-arith -Wshadow -Wuninitialized  -Wsuggest-override'
===== BUILD LOG =====
Change Dir: /home/zcy/opencv-3.4.14/build/CMakeFiles/CMakeTmp

Run Build Command:"/usr/bin/make" "cmTC_6a4f0/fast"
/usr/bin/make -f CMakeFiles/cmTC_6a4f0.dir/build.make CMakeFiles/cmTC_6a4f0.dir/build
make[1]: 进入目录“/home/zcy/opencv-3.4.14/build/CMakeFiles/CMakeTmp”
Building C object CMakeFiles/cmTC_6a4f0.dir/src.c.o
/usr/bin/cc   -O3 -DNDEBUG -fPIE   -fsigned-char -W -Wall -Werror=return-type -Werror=address -Werror=sequence-point -Wformat -Werror=format-security -Wmissing-declarations -Wmissing-prototypes -Wstrict-prototypes -Wundef -Winit-self -Wpointer-arith -Wshadow -Wuninitialized -Wsuggest-override -o CMakeFiles/cmTC_6a4f0.dir/src.c.o   -c /home/zcy/opencv-3.4.14/build/CMakeFiles/CMakeTmp/src.c
cc1: warning: command line option ‘-Wsuggest-override’ is valid for C++/ObjC++ but not for C
/home/zcy/opencv-3.4.14/build/CMakeFiles/CMakeTmp/src.c:1:0: warning: ignoring #pragma   [-Wunknown-pragmas]
 #pragma
 
Linking C executable cmTC_6a4f0
/usr/bin/cmake -E cmake_link_script CMakeFiles/cmTC_6a4f0.dir/link.txt --verbose=1
/usr/bin/cc   -O3 -DNDEBUG    -rdynamic CMakeFiles/cmTC_6a4f0.dir/src.c.o  -o cmTC_6a4f0 
make[1]: 离开目录“/home/zcy/opencv-3.4.14/build/CMakeFiles/CMakeTmp”

===== END =====

Build output check failed:
    Regex: 'command[- ]line option .* is valid for .* but not for C'
    Output line: 'cc1: warning: command line option ‘-Wno-delete-non-virtual-dtor’ is valid for C++/ObjC++ but not for C'
Compilation failed:
    source file: '/home/zcy/opencv-3.4.14/build/CMakeFiles/CMakeTmp/src.c'
    check option: ' -fsigned-char -W -Wall -Werror=return-type -Werror=address -Werror=sequence-point -Wformat -Werror=format-security -Wmissing-declarations -Wmissing-prototypes -Wstrict-prototypes -Wundef -Winit-self -Wpointer-arith -Wshadow -Wuninitialized  -Wno-delete-non-virtual-dtor'
===== BUILD LOG =====
Change Dir: /home/zcy/opencv-3.4.14/build/CMakeFiles/CMakeTmp

Run Build Command:"/usr/bin/make" "cmTC_b240c/fast"
/usr/bin/make -f CMakeFiles/cmTC_b240c.dir/build.make CMakeFiles/cmTC_b240c.dir/build
make[1]: 进入目录“/home/zcy/opencv-3.4.14/build/CMakeFiles/CMakeTmp”
Building C object CMakeFiles/cmTC_b240c.dir/src.c.o
/usr/bin/cc   -O3 -DNDEBUG -fPIE   -fsigned-char -W -Wall -Werror=return-type -Werror=address -Werror=sequence-point -Wformat -Werror=format-security -Wmissing-declarations -Wmissing-prototypes -Wstrict-prototypes -Wundef -Winit-self -Wpointer-arith -Wshadow -Wuninitialized -Wno-delete-non-virtual-dtor -o CMakeFiles/cmTC_b240c.dir/src.c.o   -c /home/zcy/opencv-3.4.14/build/CMakeFiles/CMakeTmp/src.c
cc1: warning: command line option ‘-Wno-delete-non-virtual-dtor’ is valid for C++/ObjC++ but not for C
/home/zcy/opencv-3.4.14/build/CMakeFiles/CMakeTmp/src.c:1:0: warning: ignoring #pragma   [-Wunknown-pragmas]
 #pragma
 
Linking C executable cmTC_b240c
/usr/bin/cmake -E cmake_link_script CMakeFiles/cmTC_b240c.dir/link.txt --verbose=1
/usr/bin/cc   -O3 -DNDEBUG    -rdynamic CMakeFiles/cmTC_b240c.dir/src.c.o  -o cmTC_b240c 
make[1]: 离开目录“/home/zcy/opencv-3.4.14/build/CMakeFiles/CMakeTmp”

===== END =====

Build output check failed:
    Regex: 'unrecognized .*option'
    Output line: 'cc1plus: warning: unrecognized command line option ‘-Wno-unnamed-type-template-args’'
Compilation failed:
    source file: '/home/zcy/opencv-3.4.14/build/CMakeFiles/CMakeTmp/src.cxx'
    check option: ' -fsigned-char -W -Wall -Werror=return-type -Werror=non-virtual-dtor -Werror=address -Werror=sequence-point -Wformat -Werror=format-security -Wmissing-declarations -Wundef -Winit-self -Wpointer-arith -Wshadow -Wsign-promo -Wuninitialized -Wsuggest-override -Wno-delete-non-virtual-dtor  -Wno-unnamed-type-template-args'
===== BUILD LOG =====
Change Dir: /home/zcy/opencv-3.4.14/build/CMakeFiles/CMakeTmp

Run Build Command:"/usr/bin/make" "cmTC_4daf4/fast"
/usr/bin/make -f CMakeFiles/cmTC_4daf4.dir/build.make CMakeFiles/cmTC_4daf4.dir/build
make[1]: 进入目录“/home/zcy/opencv-3.4.14/build/CMakeFiles/CMakeTmp”
Building CXX object CMakeFiles/cmTC_4daf4.dir/src.cxx.o
/usr/bin/c++    -O3 -DNDEBUG -fPIE   -fsigned-char -W -Wall -Werror=return-type -Werror=non-virtual-dtor -Werror=address -Werror=sequence-point -Wformat -Werror=format-security -Wmissing-declarations -Wundef -Winit-self -Wpointer-arith -Wshadow -Wsign-promo -Wuninitialized -Wsuggest-override -Wno-delete-non-virtual-dtor -Wno-unnamed-type-template-args -o CMakeFiles/cmTC_4daf4.dir/src.cxx.o -c /home/zcy/opencv-3.4.14/build/CMakeFiles/CMakeTmp/src.cxx
/home/zcy/opencv-3.4.14/build/CMakeFiles/CMakeTmp/src.cxx:1:0: warning: ignoring #pragma   [-Wunknown-pragmas]
 #pragma
 
cc1plus: warning: unrecognized command line option ‘-Wno-unnamed-type-template-args’
Linking CXX executable cmTC_4daf4
/usr/bin/cmake -E cmake_link_script CMakeFiles/cmTC_4daf4.dir/link.txt --verbose=1
/usr/bin/c++    -O3 -DNDEBUG    -rdynamic CMakeFiles/cmTC_4daf4.dir/src.cxx.o  -o cmTC_4daf4 
make[1]: 离开目录“/home/zcy/opencv-3.4.14/build/CMakeFiles/CMakeTmp”

===== END =====

Build output check failed:
    Regex: 'unrecognized .*option'
    Output line: 'cc1: warning: unrecognized command line option ‘-Wno-unnamed-type-template-args’'
Compilation failed:
    source file: '/home/zcy/opencv-3.4.14/build/CMakeFiles/CMakeTmp/src.c'
    check option: ' -fsigned-char -W -Wall -Werror=return-type -Werror=address -Werror=sequence-point -Wformat -Werror=format-security -Wmissing-declarations -Wmissing-prototypes -Wstrict-prototypes -Wundef -Winit-self -Wpointer-arith -Wshadow -Wuninitialized  -Wno-unnamed-type-template-args'
===== BUILD LOG =====
Change Dir: /home/zcy/opencv-3.4.14/build/CMakeFiles/CMakeTmp

Run Build Command:"/usr/bin/make" "cmTC_a9371/fast"
/usr/bin/make -f CMakeFiles/cmTC_a9371.dir/build.make CMakeFiles/cmTC_a9371.dir/build
make[1]: 进入目录“/home/zcy/opencv-3.4.14/build/CMakeFiles/CMakeTmp”
Building C object CMakeFiles/cmTC_a9371.dir/src.c.o
/usr/bin/cc   -O3 -DNDEBUG -fPIE   -fsigned-char -W -Wall -Werror=return-type -Werror=address -Werror=sequence-point -Wformat -Werror=format-security -Wmissing-declarations -Wmissing-prototypes -Wstrict-prototypes -Wundef -Winit-self -Wpointer-arith -Wshadow -Wuninitialized -Wno-unnamed-type-template-args -o CMakeFiles/cmTC_a9371.dir/src.c.o   -c /home/zcy/opencv-3.4.14/build/CMakeFiles/CMakeTmp/src.c
/home/zcy/opencv-3.4.14/build/CMakeFiles/CMakeTmp/src.c:1:0: warning: ignoring #pragma   [-Wunknown-pragmas]
 #pragma
 
cc1: warning: unrecognized command line option ‘-Wno-unnamed-type-template-args’
Linking C executable cmTC_a9371
/usr/bin/cmake -E cmake_link_script CMakeFiles/cmTC_a9371.dir/link.txt --verbose=1
/usr/bin/cc   -O3 -DNDEBUG    -rdynamic CMakeFiles/cmTC_a9371.dir/src.c.o  -o cmTC_a9371 
make[1]: 离开目录“/home/zcy/opencv-3.4.14/build/CMakeFiles/CMakeTmp”

===== END =====

Build output check failed:
    Regex: 'command[- ]line option .* is valid for .* but not for C'
    Output line: 'cc1: warning: command line option ‘-fvisibility-inlines-hidden’ is valid for C++/ObjC++ but not for C'
Compilation failed:
    source file: '/home/zcy/opencv-3.4.14/build/CMakeFiles/CMakeTmp/src.c'
    check option: ' -fsigned-char -W -Wall -Werror=return-type -Werror=address -Werror=sequence-point -Wformat -Werror=format-security -Wmissing-declarations -Wmissing-prototypes -Wstrict-prototypes -Wundef -Winit-self -Wpointer-arith -Wshadow -Wuninitialized -Wno-comment -Wimplicit-fallthrough=3 -Wno-strict-overflow -fdiagnostics-show-option -Wno-long-long -pthread -fomit-frame-pointer -ffunction-sections -fdata-sections  -msse -msse2 -msse3 -fvisibility=hidden  -fvisibility-inlines-hidden'
===== BUILD LOG =====
Change Dir: /home/zcy/opencv-3.4.14/build/CMakeFiles/CMakeTmp

Run Build Command:"/usr/bin/make" "cmTC_9283a/fast"
/usr/bin/make -f CMakeFiles/cmTC_9283a.dir/build.make CMakeFiles/cmTC_9283a.dir/build
make[1]: 进入目录“/home/zcy/opencv-3.4.14/build/CMakeFiles/CMakeTmp”
Building C object CMakeFiles/cmTC_9283a.dir/src.c.o
/usr/bin/cc   -O3 -DNDEBUG -fPIE   -fsigned-char -W -Wall -Werror=return-type -Werror=address -Werror=sequence-point -Wformat -Werror=format-security -Wmissing-declarations -Wmissing-prototypes -Wstrict-prototypes -Wundef -Winit-self -Wpointer-arith -Wshadow -Wuninitialized -Wno-comment -Wimplicit-fallthrough=3 -Wno-strict-overflow -fdiagnostics-show-option -Wno-long-long -pthread -fomit-frame-pointer -ffunction-sections -fdata-sections -msse -msse2 -msse3 -fvisibility=hidden -fvisibility-inlines-hidden -o CMakeFiles/cmTC_9283a.dir/src.c.o   -c /home/zcy/opencv-3.4.14/build/CMakeFiles/CMakeTmp/src.c
cc1: warning: command line option ‘-fvisibility-inlines-hidden’ is valid for C++/ObjC++ but not for C
/home/zcy/opencv-3.4.14/build/CMakeFiles/CMakeTmp/src.c:1:0: warning: ignoring #pragma   [-Wunknown-pragmas]
 #pragma
 
Linking C executable cmTC_9283a
/usr/bin/cmake -E cmake_link_script CMakeFiles/cmTC_9283a.dir/link.txt --verbose=1
/usr/bin/cc   -O3 -DNDEBUG    -rdynamic CMakeFiles/cmTC_9283a.dir/src.c.o  -o cmTC_9283a 
make[1]: 离开目录“/home/zcy/opencv-3.4.14/build/CMakeFiles/CMakeTmp”

===== END =====

Build output check failed:
    Regex: 'unrecognized .*option'
    Output line: 'cc1: warning: unrecognized command line option ‘-Wno-absolute-value’'
Compilation failed:
    source file: '/home/zcy/opencv-3.4.14/build/CMakeFiles/CMakeTmp/src.c'
    check option: ' -Wno-absolute-value'
===== BUILD LOG =====
Change Dir: /home/zcy/opencv-3.4.14/build/CMakeFiles/CMakeTmp

Run Build Command:"/usr/bin/make" "cmTC_7b523/fast"
/usr/bin/make -f CMakeFiles/cmTC_7b523.dir/build.make CMakeFiles/cmTC_7b523.dir/build
make[1]: 进入目录“/home/zcy/opencv-3.4.14/build/CMakeFiles/CMakeTmp”
Building C object CMakeFiles/cmTC_7b523.dir/src.c.o
/usr/bin/cc   -fsigned-char -W -Wall -Werror=return-type -Werror=address -Werror=sequence-point -Wformat -Werror=format-security -Wstrict-prototypes -Wundef -Winit-self -Wpointer-arith -Wuninitialized -Wno-comment -Wimplicit-fallthrough=3 -Wno-strict-overflow -fdiagnostics-show-option -Wno-long-long -pthread -fomit-frame-pointer -ffunction-sections -fdata-sections  -msse -msse2 -msse3 -fvisibility=hidden -Wno-implicit-function-declaration -Wno-uninitialized -Wno-missing-prototypes -Wno-unused-but-set-parameter -Wno-missing-declarations -Wno-unused -Wno-shadow -Wno-sign-compare -Wno-strict-overflow -Wno-pointer-compare  -O3 -DNDEBUG  -DNDEBUG -fPIE   -Wno-absolute-value -o CMakeFiles/cmTC_7b523.dir/src.c.o   -c /home/zcy/opencv-3.4.14/build/CMakeFiles/CMakeTmp/src.c
/home/zcy/opencv-3.4.14/build/CMakeFiles/CMakeTmp/src.c:1:0: warning: ignoring #pragma   [-Wunknown-pragmas]
 #pragma
 
cc1: warning: unrecognized command line option ‘-Wno-absolute-value’
Linking C executable cmTC_7b523
/usr/bin/cmake -E cmake_link_script CMakeFiles/cmTC_7b523.dir/link.txt --verbose=1
/usr/bin/cc    -fsigned-char -W -Wall -Werror=return-type -Werror=address -Werror=sequence-point -Wformat -Werror=format-security -Wstrict-prototypes -Wundef -Winit-self -Wpointer-arith -Wuninitialized -Wno-comment -Wimplicit-fallthrough=3 -Wno-strict-overflow -fdiagnostics-show-option -Wno-long-long -pthread -fomit-frame-pointer -ffunction-sections -fdata-sections  -msse -msse2 -msse3 -fvisibility=hidden -Wno-implicit-function-declaration -Wno-uninitialized -Wno-missing-prototypes -Wno-unused-but-set-parameter -Wno-missing-declarations -Wno-unused -Wno-shadow -Wno-sign-compare -Wno-strict-overflow -Wno-pointer-compare  -O3 -DNDEBUG  -DNDEBUG    -Wl,--gc-sections -Wl,--as-needed  -rdynamic CMakeFiles/cmTC_7b523.dir/src.c.o  -o cmTC_7b523 
make[1]: 离开目录“/home/zcy/opencv-3.4.14/build/CMakeFiles/CMakeTmp”

===== END =====

Determining if the include file linux/videodev.h exists failed with the following output:
Change Dir: /home/zcy/opencv-3.4.14/build/CMakeFiles/CMakeTmp

Run Build Command:"/usr/bin/make" "cmTC_a0f49/fast"
/usr/bin/make -f CMakeFiles/cmTC_a0f49.dir/build.make CMakeFiles/cmTC_a0f49.dir/build
make[1]: 进入目录“/home/zcy/opencv-3.4.14/build/CMakeFiles/CMakeTmp”
Building C object CMakeFiles/cmTC_a0f49.dir/CheckIncludeFile.c.o
/usr/bin/cc   -fsigned-char -W -Wall -Werror=return-type -Werror=address -Werror=sequence-point -Wformat -Werror=format-security -Wmissing-declarations -Wmissing-prototypes -Wstrict-prototypes -Wundef -Winit-self -Wpointer-arith -Wshadow -Wuninitialized -Wno-comment -Wimplicit-fallthrough=3 -Wno-strict-overflow -fdiagnostics-show-option -Wno-long-long -pthread -fomit-frame-pointer -ffunction-sections -fdata-sections  -msse -msse2 -msse3 -fvisibility=hidden  -O3 -DNDEBUG  -DNDEBUG -fPIE   -o CMakeFiles/cmTC_a0f49.dir/CheckIncludeFile.c.o   -c /home/zcy/opencv-3.4.14/build/CMakeFiles/CMakeTmp/CheckIncludeFile.c
/home/zcy/opencv-3.4.14/build/CMakeFiles/CMakeTmp/CheckIncludeFile.c:1:10: fatal error: linux/videodev.h: 没有那个文件或目录
 #include <linux/videodev.h>
          ^~~~~~~~~~~~~~~~~~
compilation terminated.
CMakeFiles/cmTC_a0f49.dir/build.make:65: recipe for target 'CMakeFiles/cmTC_a0f49.dir/CheckIncludeFile.c.o' failed
make[1]: *** [CMakeFiles/cmTC_a0f49.dir/CheckIncludeFile.c.o] Error 1
make[1]: 离开目录“/home/zcy/opencv-3.4.14/build/CMakeFiles/CMakeTmp”
Makefile:126: recipe for target 'cmTC_a0f49/fast' failed
make: *** [cmTC_a0f49/fast] Error 2


Determining if the include file sys/videoio.h exists failed with the following output:
Change Dir: /home/zcy/opencv-3.4.14/build/CMakeFiles/CMakeTmp

Run Build Command:"/usr/bin/make" "cmTC_21183/fast"
/usr/bin/make -f CMakeFiles/cmTC_21183.dir/build.make CMakeFiles/cmTC_21183.dir/build
make[1]: 进入目录“/home/zcy/opencv-3.4.14/build/CMakeFiles/CMakeTmp”
Building C object CMakeFiles/cmTC_21183.dir/CheckIncludeFile.c.o
/usr/bin/cc   -fsigned-char -W -Wall -Werror=return-type -Werror=address -Werror=sequence-point -Wformat -Werror=format-security -Wmissing-declarations -Wmissing-prototypes -Wstrict-prototypes -Wundef -Winit-self -Wpointer-arith -Wshadow -Wuninitialized -Wno-comment -Wimplicit-fallthrough=3 -Wno-strict-overflow -fdiagnostics-show-option -Wno-long-long -pthread -fomit-frame-pointer -ffunction-sections -fdata-sections  -msse -msse2 -msse3 -fvisibility=hidden  -O3 -DNDEBUG  -DNDEBUG -fPIE   -o CMakeFiles/cmTC_21183.dir/CheckIncludeFile.c.o   -c /home/zcy/opencv-3.4.14/build/CMakeFiles/CMakeTmp/CheckIncludeFile.c
/home/zcy/opencv-3.4.14/build/CMakeFiles/CMakeTmp/CheckIncludeFile.c:1:10: fatal error: sys/videoio.h: 没有那个文件或目录
 #include <sys/videoio.h>
          ^~~~~~~~~~~~~~~
compilation terminated.
CMakeFiles/cmTC_21183.dir/build.make:65: recipe for target 'CMakeFiles/cmTC_21183.dir/CheckIncludeFile.c.o' failed
make[1]: *** [CMakeFiles/cmTC_21183.dir/CheckIncludeFile.c.o] Error 1
make[1]: 离开目录“/home/zcy/opencv-3.4.14/build/CMakeFiles/CMakeTmp”
Makefile:126: recipe for target 'cmTC_21183/fast' failed
make: *** [cmTC_21183/fast] Error 2


Build output check failed:
    Regex: 'command[- ]line option .* is valid for .* but not for C\+\+'
    Output line: 'cc1plus: warning: command line option ‘-Wno-missing-prototypes’ is valid for C/ObjC but not for C++'
Compilation failed:
    source file: '/home/zcy/opencv-3.4.14/build/CMakeFiles/CMakeTmp/src.cxx'
    check option: ' -Wno-missing-prototypes'
===== BUILD LOG =====
Change Dir: /home/zcy/opencv-3.4.14/build/CMakeFiles/CMakeTmp

Run Build Command:"/usr/bin/make" "cmTC_0f460/fast"
/usr/bin/make -f CMakeFiles/cmTC_0f460.dir/build.make CMakeFiles/cmTC_0f460.dir/build
make[1]: 进入目录“/home/zcy/opencv-3.4.14/build/CMakeFiles/CMakeTmp”
Building CXX object CMakeFiles/cmTC_0f460.dir/src.cxx.o
/usr/bin/c++    -fsigned-char -W -Wall -Werror=return-type -Werror=non-virtual-dtor -Werror=address -Werror=sequence-point -Wformat -Werror=format-security -Wmissing-declarations -Wundef -Winit-self -Wpointer-arith -Wshadow -Wsign-promo -Wuninitialized -Wsuggest-override -Wno-delete-non-virtual-dtor -Wno-comment -Wimplicit-fallthrough=3 -Wno-strict-overflow -fdiagnostics-show-option -Wno-long-long -pthread -fomit-frame-pointer -ffunction-sections -fdata-sections  -msse -msse2 -msse3 -fvisibility=hidden -fvisibility-inlines-hidden -Wno-deprecated  -O3 -DNDEBUG  -DNDEBUG -fPIE   -Wno-missing-prototypes -o CMakeFiles/cmTC_0f460.dir/src.cxx.o -c /home/zcy/opencv-3.4.14/build/CMakeFiles/CMakeTmp/src.cxx
cc1plus: warning: command line option ‘-Wno-missing-prototypes’ is valid for C/ObjC but not for C++
/home/zcy/opencv-3.4.14/build/CMakeFiles/CMakeTmp/src.cxx:1:0: warning: ignoring #pragma   [-Wunknown-pragmas]
 #pragma
 
Linking CXX executable cmTC_0f460
/usr/bin/cmake -E cmake_link_script CMakeFiles/cmTC_0f460.dir/link.txt --verbose=1
/usr/bin/c++     -fsigned-char -W -Wall -Werror=return-type -Werror=non-virtual-dtor -Werror=address -Werror=sequence-point -Wformat -Werror=format-security -Wmissing-declarations -Wundef -Winit-self -Wpointer-arith -Wshadow -Wsign-promo -Wuninitialized -Wsuggest-override -Wno-delete-non-virtual-dtor -Wno-comment -Wimplicit-fallthrough=3 -Wno-strict-overflow -fdiagnostics-show-option -Wno-long-long -pthread -fomit-frame-pointer -ffunction-sections -fdata-sections  -msse -msse2 -msse3 -fvisibility=hidden -fvisibility-inlines-hidden -Wno-deprecated  -O3 -DNDEBUG  -DNDEBUG    -Wl,--gc-sections -Wl,--as-needed  -rdynamic CMakeFiles/cmTC_0f460.dir/src.cxx.o  -o cmTC_0f460 
make[1]: 离开目录“/home/zcy/opencv-3.4.14/build/CMakeFiles/CMakeTmp”

===== END =====

Build output check failed:
    Regex: 'unrecognized .*option'
    Output line: 'cc1plus: warning: unrecognized command line option ‘-Wno-tautological-undefined-compare’'
Compilation failed:
    source file: '/home/zcy/opencv-3.4.14/build/CMakeFiles/CMakeTmp/src.cxx'
    check option: ' -Wno-tautological-undefined-compare'
===== BUILD LOG =====
Change Dir: /home/zcy/opencv-3.4.14/build/CMakeFiles/CMakeTmp

Run Build Command:"/usr/bin/make" "cmTC_f482a/fast"
/usr/bin/make -f CMakeFiles/cmTC_f482a.dir/build.make CMakeFiles/cmTC_f482a.dir/build
make[1]: 进入目录“/home/zcy/opencv-3.4.14/build/CMakeFiles/CMakeTmp”
Building CXX object CMakeFiles/cmTC_f482a.dir/src.cxx.o
/usr/bin/c++    -fsigned-char -W -Wall -Werror=return-type -Werror=non-virtual-dtor -Werror=address -Werror=sequence-point -Wformat -Werror=format-security -Winit-self -Wpointer-arith -Wuninitialized -Wsuggest-override -Wno-delete-non-virtual-dtor -Wno-comment -Wimplicit-fallthrough=3 -Wno-strict-overflow -fdiagnostics-show-option -Wno-long-long -pthread -fomit-frame-pointer -ffunction-sections -fdata-sections  -msse -msse2 -msse3 -fvisibility=hidden -fvisibility-inlines-hidden -Wno-deprecated -Wno-missing-declarations -Wno-shadow -Wno-unused-parameter -Wno-unused-local-typedefs -Wno-sign-compare -Wno-sign-promo -Wno-undef  -O3 -DNDEBUG  -DNDEBUG -fPIE   -Wno-tautological-undefined-compare -o CMakeFiles/cmTC_f482a.dir/src.cxx.o -c /home/zcy/opencv-3.4.14/build/CMakeFiles/CMakeTmp/src.cxx
/home/zcy/opencv-3.4.14/build/CMakeFiles/CMakeTmp/src.cxx:1:0: warning: ignoring #pragma   [-Wunknown-pragmas]
 #pragma
 
cc1plus: warning: unrecognized command line option ‘-Wno-tautological-undefined-compare’
Linking CXX executable cmTC_f482a
/usr/bin/cmake -E cmake_link_script CMakeFiles/cmTC_f482a.dir/link.txt --verbose=1
/usr/bin/c++     -fsigned-char -W -Wall -Werror=return-type -Werror=non-virtual-dtor -Werror=address -Werror=sequence-point -Wformat -Werror=format-security -Winit-self -Wpointer-arith -Wuninitialized -Wsuggest-override -Wno-delete-non-virtual-dtor -Wno-comment -Wimplicit-fallthrough=3 -Wno-strict-overflow -fdiagnostics-show-option -Wno-long-long -pthread -fomit-frame-pointer -ffunction-sections -fdata-sections  -msse -msse2 -msse3 -fvisibility=hidden -fvisibility-inlines-hidden -Wno-deprecated -Wno-missing-declarations -Wno-shadow -Wno-unused-parameter -Wno-unused-local-typedefs -Wno-sign-compare -Wno-sign-promo -Wno-undef  -O3 -DNDEBUG  -DNDEBUG    -Wl,--gc-sections -Wl,--as-needed  -rdynamic CMakeFiles/cmTC_f482a.dir/src.cxx.o  -o cmTC_f482a 
make[1]: 离开目录“/home/zcy/opencv-3.4.14/build/CMakeFiles/CMakeTmp”

===== END =====

Build output check failed:
    Regex: 'unrecognized .*option'
    Output line: 'cc1plus: warning: unrecognized command line option ‘-Wno-shorten-64-to-32’'
Compilation failed:
    source file: '/home/zcy/opencv-3.4.14/build/CMakeFiles/CMakeTmp/src.cxx'
    check option: ' -Wno-shorten-64-to-32'
===== BUILD LOG =====
Change Dir: /home/zcy/opencv-3.4.14/build/CMakeFiles/CMakeTmp

Run Build Command:"/usr/bin/make" "cmTC_04675/fast"
/usr/bin/make -f CMakeFiles/cmTC_04675.dir/build.make CMakeFiles/cmTC_04675.dir/build
make[1]: 进入目录“/home/zcy/opencv-3.4.14/build/CMakeFiles/CMakeTmp”
Building CXX object CMakeFiles/cmTC_04675.dir/src.cxx.o
/usr/bin/c++    -fsigned-char -W -Wall -Werror=return-type -Werror=non-virtual-dtor -Werror=address -Werror=sequence-point -Wformat -Werror=format-security -Winit-self -Wpointer-arith -Wuninitialized -Wsuggest-override -Wno-delete-non-virtual-dtor -Wno-comment -Wimplicit-fallthrough=3 -Wno-strict-overflow -fdiagnostics-show-option -Wno-long-long -pthread -fomit-frame-pointer -ffunction-sections -fdata-sections  -msse -msse2 -msse3 -fvisibility=hidden -fvisibility-inlines-hidden -Wno-deprecated -Wno-missing-declarations -Wno-shadow -Wno-unused-parameter -Wno-unused-local-typedefs -Wno-sign-compare -Wno-sign-promo -Wno-undef -Wno-ignored-qualifiers -Wno-extra -Wno-unused-function -Wno-unused-const-variable  -O3 -DNDEBUG  -DNDEBUG -fPIE   -Wno-shorten-64-to-32 -o CMakeFiles/cmTC_04675.dir/src.cxx.o -c /home/zcy/opencv-3.4.14/build/CMakeFiles/CMakeTmp/src.cxx
/home/zcy/opencv-3.4.14/build/CMakeFiles/CMakeTmp/src.cxx:1:0: warning: ignoring #pragma   [-Wunknown-pragmas]
 #pragma
 
cc1plus: warning: unrecognized command line option ‘-Wno-shorten-64-to-32’
Linking CXX executable cmTC_04675
/usr/bin/cmake -E cmake_link_script CMakeFiles/cmTC_04675.dir/link.txt --verbose=1
/usr/bin/c++     -fsigned-char -W -Wall -Werror=return-type -Werror=non-virtual-dtor -Werror=address -Werror=sequence-point -Wformat -Werror=format-security -Winit-self -Wpointer-arith -Wuninitialized -Wsuggest-override -Wno-delete-non-virtual-dtor -Wno-comment -Wimplicit-fallthrough=3 -Wno-strict-overflow -fdiagnostics-show-option -Wno-long-long -pthread -fomit-frame-pointer -ffunction-sections -fdata-sections  -msse -msse2 -msse3 -fvisibility=hidden -fvisibility-inlines-hidden -Wno-deprecated -Wno-missing-declarations -Wno-shadow -Wno-unused-parameter -Wno-unused-local-typedefs -Wno-sign-compare -Wno-sign-promo -Wno-undef -Wno-ignored-qualifiers -Wno-extra -Wno-unused-function -Wno-unused-const-variable  -O3 -DNDEBUG  -DNDEBUG    -Wl,--gc-sections -Wl,--as-needed  -rdynamic CMakeFiles/cmTC_04675.dir/src.cxx.o  -o cmTC_04675 
make[1]: 离开目录“/home/zcy/opencv-3.4.14/build/CMakeFiles/CMakeTmp”

===== END =====

Build output check failed:
    Regex: 'unrecognized .*option'
    Output line: 'cc1plus: warning: unrecognized command line option ‘-Wno-enum-compare-switch’'
Compilation failed:
    source file: '/home/zcy/opencv-3.4.14/build/CMakeFiles/CMakeTmp/src.cxx'
    check option: ' -Wno-enum-compare-switch'
===== BUILD LOG =====
Change Dir: /home/zcy/opencv-3.4.14/build/CMakeFiles/CMakeTmp

Run Build Command:"/usr/bin/make" "cmTC_11ed0/fast"
/usr/bin/make -f CMakeFiles/cmTC_11ed0.dir/build.make CMakeFiles/cmTC_11ed0.dir/build
make[1]: 进入目录“/home/zcy/opencv-3.4.14/build/CMakeFiles/CMakeTmp”
Building CXX object CMakeFiles/cmTC_11ed0.dir/src.cxx.o
/usr/bin/c++    -fsigned-char -W -Wall -Werror=return-type -Werror=non-virtual-dtor -Werror=address -Werror=sequence-point -Wformat -Werror=format-security -Winit-self -Wpointer-arith -Wuninitialized -Wsuggest-override -Wno-delete-non-virtual-dtor -Wno-comment -Wimplicit-fallthrough=3 -Wno-strict-overflow -fdiagnostics-show-option -Wno-long-long -pthread -fomit-frame-pointer -ffunction-sections -fdata-sections  -msse -msse2 -msse3 -fvisibility=hidden -fvisibility-inlines-hidden -Wno-deprecated -Wno-missing-declarations -Wno-shadow -Wno-unused-parameter -Wno-unused-local-typedefs -Wno-sign-compare -Wno-sign-promo -Wno-undef -Wno-ignored-qualifiers -Wno-extra -Wno-unused-function -Wno-unused-const-variable -Wno-invalid-offsetof  -O3 -DNDEBUG  -DNDEBUG -fPIE   -Wno-enum-compare-switch -o CMakeFiles/cmTC_11ed0.dir/src.cxx.o -c /home/zcy/opencv-3.4.14/build/CMakeFiles/CMakeTmp/src.cxx
/home/zcy/opencv-3.4.14/build/CMakeFiles/CMakeTmp/src.cxx:1:0: warning: ignoring #pragma   [-Wunknown-pragmas]
 #pragma
 
cc1plus: warning: unrecognized command line option ‘-Wno-enum-compare-switch’
Linking CXX executable cmTC_11ed0
/usr/bin/cmake -E cmake_link_script CMakeFiles/cmTC_11ed0.dir/link.txt --verbose=1
/usr/bin/c++     -fsigned-char -W -Wall -Werror=return-type -Werror=non-virtual-dtor -Werror=address -Werror=sequence-point -Wformat -Werror=format-security -Winit-self -Wpointer-arith -Wuninitialized -Wsuggest-override -Wno-delete-non-virtual-dtor -Wno-comment -Wimplicit-fallthrough=3 -Wno-strict-overflow -fdiagnostics-show-option -Wno-long-long -pthread -fomit-frame-pointer -ffunction-sections -fdata-sections  -msse -msse2 -msse3 -fvisibility=hidden -fvisibility-inlines-hidden -Wno-deprecated -Wno-missing-declarations -Wno-shadow -Wno-unused-parameter -Wno-unused-local-typedefs -Wno-sign-compare -Wno-sign-promo -Wno-undef -Wno-ignored-qualifiers -Wno-extra -Wno-unused-function -Wno-unused-const-variable -Wno-invalid-offsetof  -O3 -DNDEBUG  -DNDEBUG    -Wl,--gc-sections -Wl,--as-needed  -rdynamic CMakeFiles/cmTC_11ed0.dir/src.cxx.o  -o cmTC_11ed0 
make[1]: 离开目录“/home/zcy/opencv-3.4.14/build/CMakeFiles/CMakeTmp”

===== END =====

Build output check failed:
    Regex: 'unrecognized .*option'
    Output line: 'cc1plus: warning: unrecognized command line option ‘-Wno-inconsistent-missing-override’'
Compilation failed:
    source file: '/home/zcy/opencv-3.4.14/build/CMakeFiles/CMakeTmp/src.cxx'
    check option: ' -Wno-inconsistent-missing-override'
===== BUILD LOG =====
Change Dir: /home/zcy/opencv-3.4.14/build/CMakeFiles/CMakeTmp

Run Build Command:"/usr/bin/make" "cmTC_09917/fast"
/usr/bin/make -f CMakeFiles/cmTC_09917.dir/build.make CMakeFiles/cmTC_09917.dir/build
make[1]: 进入目录“/home/zcy/opencv-3.4.14/build/CMakeFiles/CMakeTmp”
Building CXX object CMakeFiles/cmTC_09917.dir/src.cxx.o
/usr/bin/c++    -fsigned-char -W -Wall -Werror=return-type -Werror=non-virtual-dtor -Werror=address -Werror=sequence-point -Wformat -Werror=format-security -Winit-self -Wpointer-arith -Wuninitialized -Wno-delete-non-virtual-dtor -Wno-comment -Wimplicit-fallthrough=3 -Wno-strict-overflow -fdiagnostics-show-option -Wno-long-long -pthread -fomit-frame-pointer -ffunction-sections -fdata-sections  -msse -msse2 -msse3 -fvisibility=hidden -fvisibility-inlines-hidden -Wno-deprecated -Wno-missing-declarations -Wno-shadow -Wno-unused-parameter -Wno-unused-local-typedefs -Wno-sign-compare -Wno-sign-promo -Wno-undef -Wno-ignored-qualifiers -Wno-extra -Wno-unused-function -Wno-unused-const-variable -Wno-invalid-offsetof -Wno-suggest-override  -O3 -DNDEBUG  -DNDEBUG -fPIE   -Wno-inconsistent-missing-override -o CMakeFiles/cmTC_09917.dir/src.cxx.o -c /home/zcy/opencv-3.4.14/build/CMakeFiles/CMakeTmp/src.cxx
/home/zcy/opencv-3.4.14/build/CMakeFiles/CMakeTmp/src.cxx:1:0: warning: ignoring #pragma   [-Wunknown-pragmas]
 #pragma
 
cc1plus: warning: unrecognized command line option ‘-Wno-inconsistent-missing-override’
Linking CXX executable cmTC_09917
/usr/bin/cmake -E cmake_link_script CMakeFiles/cmTC_09917.dir/link.txt --verbose=1
/usr/bin/c++     -fsigned-char -W -Wall -Werror=return-type -Werror=non-virtual-dtor -Werror=address -Werror=sequence-point -Wformat -Werror=format-security -Winit-self -Wpointer-arith -Wuninitialized -Wno-delete-non-virtual-dtor -Wno-comment -Wimplicit-fallthrough=3 -Wno-strict-overflow -fdiagnostics-show-option -Wno-long-long -pthread -fomit-frame-pointer -ffunction-sections -fdata-sections  -msse -msse2 -msse3 -fvisibility=hidden -fvisibility-inlines-hidden -Wno-deprecated -Wno-missing-declarations -Wno-shadow -Wno-unused-parameter -Wno-unused-local-typedefs -Wno-sign-compare -Wno-sign-promo -Wno-undef -Wno-ignored-qualifiers -Wno-extra -Wno-unused-function -Wno-unused-const-variable -Wno-invalid-offsetof -Wno-suggest-override  -O3 -DNDEBUG  -DNDEBUG    -Wl,--gc-sections -Wl,--as-needed  -rdynamic CMakeFiles/cmTC_09917.dir/src.cxx.o  -o cmTC_09917 
make[1]: 离开目录“/home/zcy/opencv-3.4.14/build/CMakeFiles/CMakeTmp”

===== END =====

Build output check failed:
    Regex: 'unrecognized .*option'
    Output line: 'cc1plus: warning: unrecognized command line option ‘-Wno-unused-private-field’'
Compilation failed:
    source file: '/home/zcy/opencv-3.4.14/build/CMakeFiles/CMakeTmp/src.cxx'
    check option: ' -Wno-unused-private-field'
===== BUILD LOG =====
Change Dir: /home/zcy/opencv-3.4.14/build/CMakeFiles/CMakeTmp

Run Build Command:"/usr/bin/make" "cmTC_b0743/fast"
/usr/bin/make -f CMakeFiles/cmTC_b0743.dir/build.make CMakeFiles/cmTC_b0743.dir/build
make[1]: 进入目录“/home/zcy/opencv-3.4.14/build/CMakeFiles/CMakeTmp”
Building CXX object CMakeFiles/cmTC_b0743.dir/src.cxx.o
/usr/bin/c++    -fsigned-char -W -Wall -Werror=return-type -Werror=non-virtual-dtor -Werror=address -Werror=sequence-point -Wformat -Werror=format-security -Wmissing-declarations -Wundef -Winit-self -Wpointer-arith -Wshadow -Wsign-promo -Wuninitialized -Wsuggest-override -Wno-delete-non-virtual-dtor -Wno-comment -Wimplicit-fallthrough=3 -Wno-strict-overflow -fdiagnostics-show-option -Wno-long-long -pthread -fomit-frame-pointer -ffunction-sections -fdata-sections  -msse -msse2 -msse3 -fvisibility=hidden -fvisibility-inlines-hidden -Wno-unused-function -Wno-deprecated-declarations -Wno-overloaded-virtual  -O3 -DNDEBUG  -DNDEBUG -fPIE   -Wno-unused-private-field -o CMakeFiles/cmTC_b0743.dir/src.cxx.o -c /home/zcy/opencv-3.4.14/build/CMakeFiles/CMakeTmp/src.cxx
/home/zcy/opencv-3.4.14/build/CMakeFiles/CMakeTmp/src.cxx:1:0: warning: ignoring #pragma   [-Wunknown-pragmas]
 #pragma
 
cc1plus: warning: unrecognized command line option ‘-Wno-unused-private-field’
Linking CXX executable cmTC_b0743
/usr/bin/cmake -E cmake_link_script CMakeFiles/cmTC_b0743.dir/link.txt --verbose=1
/usr/bin/c++     -fsigned-char -W -Wall -Werror=return-type -Werror=non-virtual-dtor -Werror=address -Werror=sequence-point -Wformat -Werror=format-security -Wmissing-declarations -Wundef -Winit-self -Wpointer-arith -Wshadow -Wsign-promo -Wuninitialized -Wsuggest-override -Wno-delete-non-virtual-dtor -Wno-comment -Wimplicit-fallthrough=3 -Wno-strict-overflow -fdiagnostics-show-option -Wno-long-long -pthread -fomit-frame-pointer -ffunction-sections -fdata-sections  -msse -msse2 -msse3 -fvisibility=hidden -fvisibility-inlines-hidden -Wno-unused-function -Wno-deprecated-declarations -Wno-overloaded-virtual  -O3 -DNDEBUG  -DNDEBUG    -Wl,--gc-sections -Wl,--as-needed  -rdynamic CMakeFiles/cmTC_b0743.dir/src.cxx.o  -o cmTC_b0743 
make[1]: 离开目录“/home/zcy/opencv-3.4.14/build/CMakeFiles/CMakeTmp”

===== END =====

